#
# There is insufficient memory for the Java Runtime Environment to continue.
# Native memory allocation (malloc) failed to allocate 895536 bytes for Chunk::new
# Possible reasons:
#   The system is out of physical RAM or swap space
#   In 32 bit mode, the process size limit was hit
# Possible solutions:
#   Reduce memory load on the system
#   Increase physical memory or swap space
#   Check if swap backing store is full
#   Use 64 bit Java on a 64 bit OS
#   Decrease Java heap size (-Xmx/-Xms)
#   Decrease number of Java threads
#   Decrease Java thread stack sizes (-Xss)
#   Set larger code cache with -XX:ReservedCodeCacheSize=
# This output file may be truncated or incomplete.
#
#  Out of Memory Error (allocation.cpp:390), pid=3120, tid=0x00000000000017d4
#
# JRE version: Java(TM) SE Runtime Environment (8.0_131-b11) (build 1.8.0_131-b11)
# Java VM: Java HotSpot(TM) 64-Bit Server VM (25.131-b11 mixed mode windows-amd64 compressed oops)
# Failed to write core dump. Minidumps are not enabled by default on client versions of Windows
#

---------------  T H R E A D  ---------------

Current thread (0x0000000058539000):  JavaThread "C2 CompilerThread0" daemon [_thread_in_native, id=6100, stack(0x0000000058b90000,0x0000000058c90000)]

Stack: [0x0000000058b90000,0x0000000058c90000]
[error occurred during error reporting (printing stack bounds), id 0xc0000005]

Native frames: (J=compiled Java code, j=interpreted, Vv=VM code, C=native code)


Current CompileTask:
C2:  10593 1012 % !   4       sun.awt.image.PNGImageDecoder::produceImage @ 960 (1916 bytes)


---------------  P R O C E S S  ---------------

Java Threads: ( => current thread )
  0x000000005a38c000 JavaThread "Image Fetcher 0" daemon [_thread_blocked, id=8120, stack(0x0000000059e20000,0x0000000059f20000)]
  0x000000005a533000 JavaThread "TimerQueue" daemon [_thread_blocked, id=6488, stack(0x000000005abc0000,0x000000005acc0000)]
  0x000000005a250000 JavaThread "Abandoned connection cleanup thread" daemon [_thread_blocked, id=8632, stack(0x000000005b530000,0x000000005b630000)]
  0x0000000001d1e800 JavaThread "DestroyJavaVM" [_thread_blocked, id=5404, stack(0x0000000002020000,0x0000000002120000)]
  0x0000000058917800 JavaThread "AWT-EventQueue-0" [_thread_blocked, id=9196, stack(0x0000000059ce0000,0x0000000059de0000)]
  0x0000000058911000 JavaThread "AWT-Windows" daemon [_thread_in_native, id=7024, stack(0x0000000059780000,0x0000000059880000)]
  0x0000000058910000 JavaThread "AWT-Shutdown" [_thread_blocked, id=2016, stack(0x0000000059000000,0x0000000059100000)]
  0x000000005890d000 JavaThread "Java2D Disposer" daemon [_thread_blocked, id=1400, stack(0x0000000059490000,0x0000000059590000)]
  0x000000005859c800 JavaThread "Service Thread" daemon [_thread_blocked, id=6104, stack(0x00000000591c0000,0x00000000592c0000)]
  0x00000000571cd000 JavaThread "C1 CompilerThread2" daemon [_thread_blocked, id=9152, stack(0x0000000058ed0000,0x0000000058fd0000)]
  0x00000000571cb800 JavaThread "C2 CompilerThread1" daemon [_thread_blocked, id=2520, stack(0x0000000058db0000,0x0000000058eb0000)]
=>0x0000000058539000 JavaThread "C2 CompilerThread0" daemon [_thread_in_native, id=6100, stack(0x0000000058b90000,0x0000000058c90000)]
  0x0000000058535800 JavaThread "Attach Listener" daemon [_thread_blocked, id=4536, stack(0x0000000058ca0000,0x0000000058da0000)]
  0x0000000058532800 JavaThread "Signal Dispatcher" daemon [_thread_blocked, id=7448, stack(0x00000000589e0000,0x0000000058ae0000)]
  0x00000000571a9800 JavaThread "Finalizer" daemon [_thread_blocked, id=4868, stack(0x0000000058430000,0x0000000058530000)]
  0x0000000057162800 JavaThread "Reference Handler" daemon [_thread_blocked, id=8472, stack(0x0000000058180000,0x0000000058280000)]

Other Threads:
  0x000000005715b000 VMThread [stack: 0x0000000058040000,0x0000000058140000] [id=7872]
  0x00000000585d9000 WatcherThread [stack: 0x0000000059390000,0x0000000059490000] [id=7896]

VM state:not at safepoint (normal execution)

VM Mutex/Monitor currently owned by a thread: None

Heap:
 PSYoungGen      total 38400K, used 25508K [0x00000000d5d00000, 0x00000000d8780000, 0x0000000100000000)
  eden space 33280K, 76% used [0x00000000d5d00000,0x00000000d75e93f8,0x00000000d7d80000)
  from space 5120K, 0% used [0x00000000d7d80000,0x00000000d7d80000,0x00000000d8280000)
  to   space 5120K, 0% used [0x00000000d8280000,0x00000000d8280000,0x00000000d8780000)
 ParOldGen       total 63488K, used 696K [0x0000000081600000, 0x0000000085400000, 0x00000000d5d00000)
  object space 63488K, 1% used [0x0000000081600000,0x00000000816ae278,0x0000000085400000)
 Metaspace       used 13943K, capacity 14100K, committed 14336K, reserved 1064960K
  class space    used 1692K, capacity 1778K, committed 1792K, reserved 1048576K

Card table byte_map: [0x00000000117b0000,0x0000000011bb0000] byte_map_base: 0x00000000113a5000

Marking Bits: (ParMarkBitMap*) 0x000000006d3fc720
 Begin Bits: [0x0000000012480000, 0x0000000014428000)
 End Bits:   [0x0000000014428000, 0x00000000163d0000)

Polling page: 0x0000000000210000

CodeCache: size=245760Kb used=3486Kb max_used=3486Kb free=242273Kb
 bounds [0x00000000023f0000, 0x0000000002760000, 0x00000000113f0000]
 total_blobs=1539 nmethods=990 adapters=460
 compilation: enabled

Compilation events (10 events):
Event: 10.479 Thread 0x00000000571cd000 nmethod 1019 0x0000000002753650 code [0x0000000002753800, 0x0000000002753f18]
Event: 10.480 Thread 0x00000000571cd000 1020       3       javax.swing.JComponent::revalidate (53 bytes)
Event: 10.481 Thread 0x00000000571cb800 nmethod 1015 0x0000000002750850 code [0x00000000027509c0, 0x0000000002750e28]
Event: 10.482 Thread 0x00000000571cd000 nmethod 1020 0x0000000002754ad0 code [0x0000000002754e00, 0x0000000002756818]
Event: 10.482 Thread 0x00000000571cd000 1021       1       javax.swing.JComponent::isManagingFocus (2 bytes)
Event: 10.482 Thread 0x00000000571cd000 nmethod 1021 0x0000000002754810 code [0x0000000002754960, 0x0000000002754a70]
Event: 10.494 Thread 0x00000000571cd000 1022   !   3       sun.awt.GlobalCursorManager::_updateCursor (165 bytes)
Event: 10.497 Thread 0x00000000571cd000 nmethod 1022 0x0000000002757310 code [0x0000000002757600, 0x0000000002758f18]
Event: 10.497 Thread 0x00000000571cd000 1024       3       java.awt.event.InputEvent::getWhen (5 bytes)
Event: 10.498 Thread 0x00000000571cd000 nmethod 1024 0x0000000002759c10 code [0x0000000002759d60, 0x0000000002759eb0]

GC Heap History (4 events):
Event: 0.309 GC heap before
{Heap before GC invocations=1 (full 0):
 PSYoungGen      total 38400K, used 5334K [0x00000000d5d00000, 0x00000000d8780000, 0x0000000100000000)
  eden space 33280K, 16% used [0x00000000d5d00000,0x00000000d6235980,0x00000000d7d80000)
  from space 5120K, 0% used [0x00000000d8280000,0x00000000d8280000,0x00000000d8780000)
  to   space 5120K, 0% used [0x00000000d7d80000,0x00000000d7d80000,0x00000000d8280000)
 ParOldGen       total 87552K, used 0K [0x0000000081600000, 0x0000000086b80000, 0x00000000d5d00000)
  object space 87552K, 0% used [0x0000000081600000,0x0000000081600000,0x0000000086b80000)
 Metaspace       used 5161K, capacity 5252K, committed 5376K, reserved 1060864K
  class space    used 606K, capacity 665K, committed 768K, reserved 1048576K
Event: 0.310 GC heap after
Heap after GC invocations=1 (full 0):
 PSYoungGen      total 38400K, used 800K [0x00000000d5d00000, 0x00000000d8780000, 0x0000000100000000)
  eden space 33280K, 0% used [0x00000000d5d00000,0x00000000d5d00000,0x00000000d7d80000)
  from space 5120K, 15% used [0x00000000d7d80000,0x00000000d7e48020,0x00000000d8280000)
  to   space 5120K, 0% used [0x00000000d8280000,0x00000000d8280000,0x00000000d8780000)
 ParOldGen       total 87552K, used 8K [0x0000000081600000, 0x0000000086b80000, 0x00000000d5d00000)
  object space 87552K, 0% used [0x0000000081600000,0x0000000081602000,0x0000000086b80000)
 Metaspace       used 5161K, capacity 5252K, committed 5376K, reserved 1060864K
  class space    used 606K, capacity 665K, committed 768K, reserved 1048576K
}
Event: 0.310 GC heap before
{Heap before GC invocations=2 (full 1):
 PSYoungGen      total 38400K, used 800K [0x00000000d5d00000, 0x00000000d8780000, 0x0000000100000000)
  eden space 33280K, 0% used [0x00000000d5d00000,0x00000000d5d00000,0x00000000d7d80000)
  from space 5120K, 15% used [0x00000000d7d80000,0x00000000d7e48020,0x00000000d8280000)
  to   space 5120K, 0% used [0x00000000d8280000,0x00000000d8280000,0x00000000d8780000)
 ParOldGen       total 87552K, used 8K [0x0000000081600000, 0x0000000086b80000, 0x00000000d5d00000)
  object space 87552K, 0% used [0x0000000081600000,0x0000000081602000,0x0000000086b80000)
 Metaspace       used 5161K, capacity 5252K, committed 5376K, reserved 1060864K
  class space    used 606K, capacity 665K, committed 768K, reserved 1048576K
Event: 0.319 GC heap after
Heap after GC invocations=2 (full 1):
 PSYoungGen      total 38400K, used 0K [0x00000000d5d00000, 0x00000000d8780000, 0x0000000100000000)
  eden space 33280K, 0% used [0x00000000d5d00000,0x00000000d5d00000,0x00000000d7d80000)
  from space 5120K, 0% used [0x00000000d7d80000,0x00000000d7d80000,0x00000000d8280000)
  to   space 5120K, 0% used [0x00000000d8280000,0x00000000d8280000,0x00000000d8780000)
 ParOldGen       total 63488K, used 696K [0x0000000081600000, 0x0000000085400000, 0x00000000d5d00000)
  object space 63488K, 1% used [0x0000000081600000,0x00000000816ae278,0x0000000085400000)
 Metaspace       used 5161K, capacity 5252K, committed 5376K, reserved 1058816K
  class space    used 606K, capacity 665K, committed 768K, reserved 1048576K
}

Deoptimization events (9 events):
Event: 0.343 Thread 0x0000000058917800 Uncommon trap: reason=null_check action=make_not_entrant pc=0x0000000002564128 method=java.lang.String.equals(Ljava/lang/Object;)Z @ 8
Event: 0.549 Thread 0x0000000058917800 Uncommon trap: reason=unstable_if action=reinterpret pc=0x00000000025b7338 method=java.util.Properties$LineReader.readLine()I @ 252
Event: 0.549 Thread 0x0000000058917800 Uncommon trap: reason=unstable_if action=reinterpret pc=0x00000000025b9a68 method=java.util.Properties.loadConvert([CII[C)Ljava/lang/String; @ 4
Event: 0.610 Thread 0x0000000058917800 Uncommon trap: reason=unstable_if action=reinterpret pc=0x00000000025f343c method=java.util.Properties$LineReader.readLine()I @ 174
Event: 0.922 Thread 0x0000000058917800 Uncommon trap: reason=unstable_if action=reinterpret pc=0x00000000025ce380 method=java.lang.CharacterData.of(I)Ljava/lang/CharacterData; @ 4
Event: 4.249 Thread 0x0000000058917800 Uncommon trap: reason=class_check action=maybe_recompile pc=0x000000000257e718 method=java.lang.String.equals(Ljava/lang/Object;)Z @ 8
Event: 4.249 Thread 0x0000000058917800 Uncommon trap: reason=class_check action=maybe_recompile pc=0x000000000257e718 method=java.lang.String.equals(Ljava/lang/Object;)Z @ 8
Event: 4.325 Thread 0x0000000058917800 Uncommon trap: reason=class_check action=maybe_recompile pc=0x000000000257e718 method=java.lang.String.equals(Ljava/lang/Object;)Z @ 8
Event: 4.325 Thread 0x0000000058917800 Uncommon trap: reason=class_check action=maybe_recompile pc=0x000000000257e718 method=java.lang.String.equals(Ljava/lang/Object;)Z @ 8

Internal exceptions (10 events):
Event: 0.031 Thread 0x0000000001d1e800 Exception <a 'java/lang/NoSuchMethodError': Method sun.misc.Unsafe.prefetchRead(Ljava/lang/Object;J)V name or signature does not match> (0x00000000d5d07f90) thrown at [C:\re\workspace\8-2-build-windows-amd64-cygwin\jdk8u131\8869\hotspot\src\share\vm\prims
Event: 0.113 Thread 0x0000000001d1e800 Exception <a 'java/security/PrivilegedActionException'> (0x00000000d5d9cf00) thrown at [C:\re\workspace\8-2-build-windows-amd64-cygwin\jdk8u131\8869\hotspot\src\share\vm\prims\jvm.cpp, line 1390]
Event: 0.113 Thread 0x0000000001d1e800 Exception <a 'java/security/PrivilegedActionException'> (0x00000000d5d9d110) thrown at [C:\re\workspace\8-2-build-windows-amd64-cygwin\jdk8u131\8869\hotspot\src\share\vm\prims\jvm.cpp, line 1390]
Event: 0.114 Thread 0x0000000001d1e800 Exception <a 'java/security/PrivilegedActionException'> (0x00000000d5da0d80) thrown at [C:\re\workspace\8-2-build-windows-amd64-cygwin\jdk8u131\8869\hotspot\src\share\vm\prims\jvm.cpp, line 1390]
Event: 0.114 Thread 0x0000000001d1e800 Exception <a 'java/security/PrivilegedActionException'> (0x00000000d5da0f90) thrown at [C:\re\workspace\8-2-build-windows-amd64-cygwin\jdk8u131\8869\hotspot\src\share\vm\prims\jvm.cpp, line 1390]
Event: 0.118 Thread 0x0000000001d1e800 Exception <a 'java/io/FileNotFoundException'> (0x00000000d5da36c8) thrown at [C:\re\workspace\8-2-build-windows-amd64-cygwin\jdk8u131\8869\hotspot\src\share\vm\prims\jni.cpp, line 709]
Event: 0.163 Thread 0x0000000001d1e800 Exception <a 'java/lang/NoSuchFieldError': method resolution failed> (0x00000000d5f19328) thrown at [C:\re\workspace\8-2-build-windows-amd64-cygwin\jdk8u131\8869\hotspot\src\share\vm\prims\methodHandles.cpp, line 1146]
Event: 0.165 Thread 0x0000000001d1e800 Exception <a 'java/lang/NoSuchFieldError': method resolution failed> (0x00000000d5f266f8) thrown at [C:\re\workspace\8-2-build-windows-amd64-cygwin\jdk8u131\8869\hotspot\src\share\vm\prims\methodHandles.cpp, line 1146]
Event: 0.326 Thread 0x0000000058917800 Exception <a 'java/io/FileNotFoundException'> (0x00000000d5d0df10) thrown at [C:\re\workspace\8-2-build-windows-amd64-cygwin\jdk8u131\8869\hotspot\src\share\vm\prims\jni.cpp, line 709]
Event: 0.343 Thread 0x0000000058917800 Implicit null exception at 0x0000000002563f52 to 0x0000000002564119

Events (10 events):
Event: 10.473 loading class mhg/homev$2
Event: 10.473 loading class mhg/homev$2 done
Event: 10.474 loading class mhg/homev$3
Event: 10.474 loading class mhg/homev$3 done
Event: 10.475 loading class mhg/homev$4
Event: 10.475 loading class mhg/homev$4 done
Event: 10.477 loading class mhg/homev$5
Event: 10.477 loading class mhg/homev$5 done
Event: 10.483 loading class sun/awt/SunToolkit$1
Event: 10.484 loading class sun/awt/SunToolkit$1 done


Dynamic libraries:
0x000000013f1f0000 - 0x000000013f227000 	C:\Program Files\Java\jre1.8.0_131\bin\javaw.exe
0x0000000076f70000 - 0x000000007711a000 	C:\windows\SYSTEM32\ntdll.dll
0x0000000076d50000 - 0x0000000076e6f000 	C:\windows\system32\kernel32.dll
0x000007fefcca0000 - 0x000007fefcd0a000 	C:\windows\system32\KERNELBASE.dll
0x000007fefe3a0000 - 0x000007fefe47b000 	C:\windows\system32\ADVAPI32.dll
0x000007fefed00000 - 0x000007fefed9f000 	C:\windows\system32\msvcrt.dll
0x000007feff0f0000 - 0x000007feff10f000 	C:\windows\SYSTEM32\sechost.dll
0x000007fefeb30000 - 0x000007fefec5d000 	C:\windows\system32\RPCRT4.dll
0x0000000076e70000 - 0x0000000076f6a000 	C:\windows\system32\USER32.dll
0x000007fefeda0000 - 0x000007fefee07000 	C:\windows\system32\GDI32.dll
0x000007fefead0000 - 0x000007fefeade000 	C:\windows\system32\LPK.dll
0x000007feff110000 - 0x000007feff1da000 	C:\windows\system32\USP10.dll
0x000007fefb4a0000 - 0x000007fefb694000 	C:\windows\WinSxS\amd64_microsoft.windows.common-controls_6595b64144ccf1df_6.0.7601.18837_none_fa3b1e3d17594757\COMCTL32.dll
0x000007fefe320000 - 0x000007fefe391000 	C:\windows\system32\SHLWAPI.dll
0x000007fefefb0000 - 0x000007fefefde000 	C:\windows\system32\IMM32.DLL
0x000007fefefe0000 - 0x000007feff0e9000 	C:\windows\system32\MSCTF.dll
0x0000000069710000 - 0x00000000697e2000 	C:\Program Files\Java\jre1.8.0_131\bin\msvcr100.dll
0x000000006cbe0000 - 0x000000006d47c000 	C:\Program Files\Java\jre1.8.0_131\bin\server\jvm.dll
0x000007fef78d0000 - 0x000007fef78d9000 	C:\windows\system32\WSOCK32.dll
0x000007fefeae0000 - 0x000007fefeb2d000 	C:\windows\system32\WS2_32.dll
0x000007fefefa0000 - 0x000007fefefa8000 	C:\windows\system32\NSI.dll
0x000007fef8630000 - 0x000007fef866b000 	C:\windows\system32\WINMM.dll
0x000007fefbb90000 - 0x000007fefbb9c000 	C:\windows\system32\VERSION.dll
0x0000000077140000 - 0x0000000077147000 	C:\windows\system32\PSAPI.DLL
0x00000000736b0000 - 0x00000000736bf000 	C:\Program Files\Java\jre1.8.0_131\bin\verify.dll
0x00000000735d0000 - 0x00000000735f9000 	C:\Program Files\Java\jre1.8.0_131\bin\java.dll
0x0000000073690000 - 0x00000000736a6000 	C:\Program Files\Java\jre1.8.0_131\bin\zip.dll
0x000007fefd2c0000 - 0x000007fefe04a000 	C:\windows\system32\SHELL32.dll
0x000007fefd0c0000 - 0x000007fefd2bc000 	C:\windows\system32\ole32.dll
0x000007fefcc60000 - 0x000007fefcc6f000 	C:\windows\system32\profapi.dll
0x000000006bc80000 - 0x000000006be18000 	C:\Program Files\Java\jre1.8.0_131\bin\awt.dll
0x000007fefe990000 - 0x000007fefea6a000 	C:\windows\system32\OLEAUT32.dll
0x000007fee8420000 - 0x000007fee8469000 	C:\windows\system32\wbload.dll
0x000007ff66000000 - 0x000007ff6614f000 	C:\Program Files (x86)\Stardock\WindowBlinds\WBLIND64.dll
0x0000000066600000 - 0x0000000066632000 	C:\Program Files (x86)\Stardock\WindowBlinds\wbhelp64.dll
0x000007fefb070000 - 0x000007fefb0c6000 	C:\windows\system32\uxtheme.dll
0x0000000069000000 - 0x00000000691d3000 	C:\Program Files (x86)\Stardock\WindowFX\wfx4_64.dll
0x000007feface0000 - 0x000007fefacf8000 	C:\windows\system32\dwmapi.dll
0x000007fefcb00000 - 0x000007fefcb0f000 	C:\windows\system32\CRYPTBASE.dll
0x000000006ea80000 - 0x000000006eaab000 	C:\windows\system32\WBLOAD2.DLL
0x000007fee2270000 - 0x000007fee238d000 	C:\windows\system32\opengl32.dll
0x000007fee2240000 - 0x000007fee226d000 	C:\windows\system32\GLU32.dll
0x000007fee20a0000 - 0x000007fee2191000 	C:\windows\system32\DDRAW.dll
0x000007fee2940000 - 0x000007fee2948000 	C:\windows\system32\DCIMAN32.dll
0x000007fefe480000 - 0x000007fefe657000 	C:\windows\system32\SETUPAPI.dll
0x000007fefcd20000 - 0x000007fefcd56000 	C:\windows\system32\CFGMGR32.dll
0x000007fefcd80000 - 0x000007fefcd9a000 	C:\windows\system32\DEVOBJ.dll
0x0000000073930000 - 0x0000000073961000 	C:\Program Files\Java\jre1.8.0_131\bin\jpeg.dll
0x0000000073560000 - 0x000000007357a000 	C:\Program Files\Java\jre1.8.0_131\bin\net.dll
0x000007fefc430000 - 0x000007fefc485000 	C:\windows\system32\mswsock.dll
0x000007fefc420000 - 0x000007fefc427000 	C:\windows\System32\wship6.dll
0x000007fefbc60000 - 0x000007fefbc67000 	C:\windows\System32\wshtcpip.dll
0x000007fefc2b0000 - 0x000007fefc30b000 	C:\windows\system32\DNSAPI.dll
0x0000000063560000 - 0x0000000063569000 	C:\Program Files\National Instruments\Shared\mDNS Responder\nimdnsNSP.dll
0x0000000063550000 - 0x000000006355e000 	C:\windows\system32\nimdnsResponder.dll
0x000000006f730000 - 0x000000006f7d3000 	C:\windows\WinSxS\amd64_microsoft.vc90.crt_1fc8b3b9a1e18e3b_9.0.30729.6161_none_08e61857a83bc251\MSVCR90.dll
0x000007fef9f90000 - 0x000007fef9fb7000 	C:\windows\system32\Iphlpapi.DLL
0x000007fef9f80000 - 0x000007fef9f8b000 	C:\windows\system32\WINNSI.DLL
0x000000006f700000 - 0x000000006f726000 	C:\Program Files\Bonjour\mdnsNSP.dll
0x000007fee9a70000 - 0x000007fee9a78000 	C:\windows\system32\rasadhlp.dll
0x000007fef9e30000 - 0x000007fef9e83000 	C:\windows\System32\fwpuclnt.dll
0x000000006ebc0000 - 0x000000006ec07000 	C:\Program Files\Java\jre1.8.0_131\bin\fontmanager.dll
0x000007feff1e0000 - 0x000007feff279000 	C:\windows\system32\CLBCatQ.DLL
0x000007fefa9f0000 - 0x000007fefab51000 	C:\windows\system32\WindowsCodecs.dll
0x000007fefcaa0000 - 0x000007fefcaf7000 	C:\windows\system32\apphelp.dll
0x000007fee0cd0000 - 0x000007fee0f0d000 	C:\PROGRA~1\MICROS~1\Office15\GROOVEEX.DLL
0x0000000073340000 - 0x00000000733d8000 	C:\windows\system32\MSVCP100.dll
0x000000006f050000 - 0x000000006f07b000 	C:\windows\system32\ATL100.DLL
0x000007fee0480000 - 0x000007fee079e000 	C:\windows\system32\msi.dll
0x000007fedfc00000 - 0x000007fee047d000 	C:\PROGRA~1\MICROS~1\Office15\1033\GrooveIntlResource.dll
0x000007fee2200000 - 0x000007fee2235000 	C:\windows\system32\EhStorShell.dll
0x000000005c0f0000 - 0x000000005c21c000 	C:\windows\system32\PROPSYS.dll
0x000007fedfb80000 - 0x000007fedfbfe000 	C:\windows\System32\cscui.dll
0x000007fee2930000 - 0x000007fee293c000 	C:\windows\System32\CSCDLL.dll
0x000007feed550000 - 0x000007feed55f000 	C:\windows\system32\CSCAPI.dll
0x000007fedfb00000 - 0x000007fedfb80000 	C:\windows\system32\ntshrui.dll
0x000007fefc730000 - 0x000007fefc753000 	C:\windows\system32\srvcli.dll
0x000007fefa1e0000 - 0x000007fefa1eb000 	C:\windows\system32\slc.dll
0x000007fefa540000 - 0x000007fefa547000 	C:\windows\system32\MSIMG32.dll
0x000000006ec40000 - 0x000000006ec51000 	C:\Program Files\Java\jre1.8.0_131\bin\nio.dll
0x000000006bc30000 - 0x000000006bc72000 	C:\Program Files\Java\jre1.8.0_131\bin\t2k.dll
0x000007feda990000 - 0x000007fedaa2e000 	C:\windows\system32\RICHED20.DLL
0x000007fee1980000 - 0x000007fee19c2000 	C:\windows\system32\msls31.dll

VM Arguments:
jvm_args: -Dfile.encoding=Cp1256 
java_command: mhg.login
java_class_path (initial): C:\Users\Mohammad\workspace\mhh\bin;C:\Users\Mohammad\Desktop\mysql-connector-java-5.1.42-bin.jar;C:\Users\Mohammad\workspace\mhh\jcalendar-1.4.jar;C:\Users\Mohammad\workspace\mhh\miglayout15-swing.jar
Launcher Type: SUN_STANDARD

Environment Variables:
PATH=C:/Program Files/Java/jre1.8.0_131/bin/server;C:/Program Files/Java/jre1.8.0_131/bin;C:/Program Files/Java/jre1.8.0_131/lib/amd64;C:\ProgramData\Oracle\Java\javapath;C:\Program Files (x86)\NVIDIA Corporation\PhysX\Common;C:\Program Files (x86)\Intel\iCLS Client\;C:\Program Files\Intel\iCLS Client\;C:\windows\system32;C:\windows;C:\windows\System32\Wbem;C:\windows\System32\WindowsPowerShell\v1.0\;C:\Program Files\Intel\Intel(R) Management Engine Components\DAL;C:\Program Files (x86)\Intel\Intel(R) Management Engine Components\DAL;C:\Program Files\Intel\Intel(R) Management Engine Components\IPT;C:\Program Files (x86)\Intel\Intel(R) Management Engine Components\IPT;C:\Program Files\Intel\WiFi\bin\;C:\Program Files\Common Files\Intel\WirelessCommon\;C:\Program Files (x86)\Toshiba\Bluetooth Toshiba Stack\sys\;C:\Program Files (x86)\Toshiba\Bluetooth Toshiba Stack\sys\x64\;c:\Program Files (x86)\Microsoft SQL Server\100\Tools\Binn\;c:\Program Files\Microsoft SQL Server\100\Tools\Binn\;c:\Program Files\Microsoft SQL Server\100\DTS\Binn\;C:\Program Files (x86)\Windows Kits\8.1\Windows Performance Toolkit\;C:\Program Files\Microsoft SQL Server\110\Tools\Binn\;C:\Program Files (x86)\Microsoft Visual Studio\Common\Tools\WinNT;C:\Program Files (x86)\Microsoft Visual Studio\Common\MSDev98\Bin;C:\Program Files (x86)\Microsoft Visual Studio\Common\Tools;C:\Program Files (x86)\Microsoft Visual Studio\VC98\bin;C:\Users\Mohammad\Downloads\some shit\eclipse;
USERNAME=Mohammad
OS=Windows_NT
PROCESSOR_IDENTIFIER=Intel64 Family 6 Model 61 Stepping 4, GenuineIntel



---------------  S Y S T E M  ---------------

OS: Windows 7 , 64 bit Build 7601 (6.1.7601.23796)

CPU:total 4 (initial active 4) (2 cores per cpu, 2 threads per core) family 6 model 61 stepping 4, cmov, cx8, fxsr, mmx, sse, sse2, sse3, ssse3, sse4.1, sse4.2, popcnt, avx, avx2, aes, clmul, erms, 3dnowpref, lzcnt, ht, tsc, tscinvbit, bmi1, bmi2, adx

Memory: 4k page, physical 8297840k(2467308k free), swap 8760048k(5120k free)

vm_info: Java HotSpot(TM) 64-Bit Server VM (25.131-b11) for windows-amd64 JRE (1.8.0_131-b11), built on Mar 15 2017 01:23:53 by "java_re" with MS VC++ 10.0 (VS2010)

time: Fri May 19 22:53:57 2017
elapsed time: 10 seconds (0d 0h 0m 10s)

